0 verbose cli /Users/weihan/.nvm/versions/node/v17.7.1/bin/node /Users/weihan/.nvm/versions/node/v17.7.1/bin/npm
1 info using npm@8.13.2
2 info using node@v17.7.1
3 timing npm:load:whichnode Completed in 0ms
4 timing config:load:defaults Completed in 1ms
5 timing config:load:file:/Users/weihan/.nvm/versions/node/v17.7.1/lib/node_modules/npm/npmrc Completed in 2ms
6 timing config:load:builtin Completed in 2ms
7 timing config:load:cli Completed in 2ms
8 timing config:load:env Completed in 1ms
9 timing config:load:file:/Users/weihan/hinterlands/intrgrationTestNextJs/next-ts-test-demo/.npmrc Completed in 0ms
10 timing config:load:project Completed in 4ms
11 timing config:load:file:/Users/weihan/.npmrc Completed in 1ms
12 timing config:load:user Completed in 1ms
13 timing config:load:file:/Users/weihan/.nvm/versions/node/v17.7.1/etc/npmrc Completed in 0ms
14 timing config:load:global Completed in 0ms
15 timing config:load:validate Completed in 0ms
16 timing config:load:credentials Completed in 1ms
17 timing config:load:setEnvs Completed in 1ms
18 timing config:load Completed in 13ms
19 timing npm:load:configload Completed in 13ms
20 timing npm:load:mkdirpcache Completed in 1ms
21 timing npm:load:mkdirplogs Completed in 0ms
22 verbose title npm run eslint
23 verbose argv "run" "eslint" "--cache" "--fix"
24 timing npm:load:setTitle Completed in 18ms
25 timing config:load:flatten Completed in 2ms
26 timing npm:load:display Completed in 4ms
27 verbose logfile logs-max:10 dir:/Users/weihan/hinterlands/intrgrationTestNextJs/next-ts-test-demo/--fix/_logs
28 verbose logfile /Users/weihan/hinterlands/intrgrationTestNextJs/next-ts-test-demo/--fix/_logs/2022-08-09T05_05_53_528Z-debug-0.log
29 timing npm:load:logFile Completed in 4ms
30 timing npm:load:timers Completed in 0ms
31 timing npm:load:configScope Completed in 0ms
32 timing npm:load Completed in 40ms
33 silly logfile done cleaning log files
34 timing command:run Completed in 103ms
35 verbose stack Error: Missing script: "eslint"
35 verbose stack
35 verbose stack Did you mean this?
35 verbose stack     npm run lint # run the "lint" package script
35 verbose stack
35 verbose stack To see a list of scripts, run:
35 verbose stack   npm run
35 verbose stack     at RunScript.run (/Users/weihan/.nvm/versions/node/v17.7.1/lib/node_modules/npm/lib/commands/run-script.js:98:13)
35 verbose stack     at async module.exports (/Users/weihan/.nvm/versions/node/v17.7.1/lib/node_modules/npm/lib/cli.js:78:5)
36 verbose cwd /Users/weihan/hinterlands/intrgrationTestNextJs/next-ts-test-demo
37 verbose Darwin 21.5.0
38 verbose node v17.7.1
39 verbose npm  v8.13.2
40 error Missing script: "eslint"
40 error
40 error Did you mean this?
40 error     npm run lint # run the "lint" package script
40 error
40 error To see a list of scripts, run:
40 error   npm run
41 verbose exit 1
42 timing npm Completed in 154ms
43 verbose code 1
44 error A complete log of this run can be found in:
44 error     /Users/weihan/hinterlands/intrgrationTestNextJs/next-ts-test-demo/--fix/_logs/2022-08-09T05_05_53_528Z-debug-0.log
